<?xml version="1.0" encoding="UTF-8"?>
<!-- Generated by org.testng.reporters.JUnitReportReporter -->
<testsuite skipped="0" hostname="Pooh" name="jabatalks.CJabaTalks" tests="2" failures="0" timestamp="06 Sep 2020 07:30:41 GMT" time="11.902" errors="0">
  <testcase name="accessdropdown" time="1.858" classname="jabatalks.CJabaTalks"/>
  <testcase name="verifyEmail" time="10.044" classname="jabatalks.CJabaTalks"/>
</testsuite> <!-- jabatalks.CJabaTalks -->
